[2022-06-23 21:20:38,156] Anils-MacBook-Pro.local/INFO/locust.main: Run time limit set to 10 seconds
[2022-06-23 21:20:38,157] Anils-MacBook-Pro.local/INFO/locust.main: Starting Locust 2.9.0
[2022-06-23 21:20:38,159] Anils-MacBook-Pro.local/INFO/locust.runners: Ramping to 5 users at a rate of 1.00 per second
[2022-06-23 21:20:38,159] Anils-MacBook-Pro.local/DEBUG/locust.runners: Ramping to {"MyUser": 1} (1 total users)
[2022-06-23 21:20:38,159] Anils-MacBook-Pro.local/DEBUG/locust.runners: Spawning additional {"MyUser": 1} ({"MyUser": 0} already running)...
[2022-06-23 21:20:38,160] Anils-MacBook-Pro.local/DEBUG/locust.runners: 1 users spawned
[2022-06-23 21:20:38,160] Anils-MacBook-Pro.local/DEBUG/locust.runners: All users of class MyUser spawned
[2022-06-23 21:20:38,160] Anils-MacBook-Pro.local/DEBUG/locust.runners: 0 users have been stopped, 1 still running
[2022-06-23 21:20:39,159] Anils-MacBook-Pro.local/DEBUG/locust.runners: Ramping to {"MyUser": 2} (2 total users)
[2022-06-23 21:20:39,160] Anils-MacBook-Pro.local/DEBUG/locust.runners: Spawning additional {"MyUser": 1} ({"MyUser": 1} already running)...
[2022-06-23 21:20:39,160] Anils-MacBook-Pro.local/DEBUG/locust.runners: 2 users spawned
[2022-06-23 21:20:39,160] Anils-MacBook-Pro.local/DEBUG/locust.runners: All users of class MyUser spawned
[2022-06-23 21:20:39,160] Anils-MacBook-Pro.local/DEBUG/locust.runners: 0 users have been stopped, 2 still running
[2022-06-23 21:20:40,160] Anils-MacBook-Pro.local/DEBUG/locust.runners: Ramping to {"MyUser": 3} (3 total users)
[2022-06-23 21:20:40,160] Anils-MacBook-Pro.local/DEBUG/locust.runners: Spawning additional {"MyUser": 1} ({"MyUser": 2} already running)...
[2022-06-23 21:20:40,160] Anils-MacBook-Pro.local/DEBUG/locust.runners: 3 users spawned
[2022-06-23 21:20:40,160] Anils-MacBook-Pro.local/DEBUG/locust.runners: All users of class MyUser spawned
[2022-06-23 21:20:40,161] Anils-MacBook-Pro.local/DEBUG/locust.runners: 0 users have been stopped, 3 still running
[2022-06-23 21:20:41,163] Anils-MacBook-Pro.local/DEBUG/locust.runners: Ramping to {"MyUser": 4} (4 total users)
[2022-06-23 21:20:41,163] Anils-MacBook-Pro.local/DEBUG/locust.runners: Spawning additional {"MyUser": 1} ({"MyUser": 3} already running)...
[2022-06-23 21:20:41,163] Anils-MacBook-Pro.local/DEBUG/locust.runners: 4 users spawned
[2022-06-23 21:20:41,163] Anils-MacBook-Pro.local/DEBUG/locust.runners: All users of class MyUser spawned
[2022-06-23 21:20:41,164] Anils-MacBook-Pro.local/DEBUG/locust.runners: 0 users have been stopped, 4 still running
[2022-06-23 21:20:42,163] Anils-MacBook-Pro.local/DEBUG/locust.runners: Ramping to {"MyUser": 5} (5 total users)
[2022-06-23 21:20:42,163] Anils-MacBook-Pro.local/DEBUG/locust.runners: Spawning additional {"MyUser": 1} ({"MyUser": 4} already running)...
[2022-06-23 21:20:42,164] Anils-MacBook-Pro.local/DEBUG/locust.runners: 5 users spawned
[2022-06-23 21:20:42,164] Anils-MacBook-Pro.local/DEBUG/locust.runners: All users of class MyUser spawned
[2022-06-23 21:20:42,164] Anils-MacBook-Pro.local/DEBUG/locust.runners: 0 users have been stopped, 5 still running
[2022-06-23 21:20:42,164] Anils-MacBook-Pro.local/INFO/locust.runners: All users spawned: {"MyUser": 5} (5 total users)
[2022-06-23 21:20:47,820] Anils-MacBook-Pro.local/INFO/locust.main: --run-time limit reached. Stopping Locust
[2022-06-23 21:20:47,820] Anils-MacBook-Pro.local/DEBUG/locust.runners: Stopping all users
[2022-06-23 21:20:47,820] Anils-MacBook-Pro.local/DEBUG/locust.runners: Stopping Greenlet-0
[2022-06-23 21:20:47,820] Anils-MacBook-Pro.local/DEBUG/locust.runners: Stopping Greenlet-1
[2022-06-23 21:20:47,821] Anils-MacBook-Pro.local/DEBUG/locust.runners: Stopping Greenlet-2
[2022-06-23 21:20:47,821] Anils-MacBook-Pro.local/DEBUG/locust.runners: Stopping Greenlet-3
[2022-06-23 21:20:47,821] Anils-MacBook-Pro.local/DEBUG/locust.runners: Stopping Greenlet-4
[2022-06-23 21:20:47,823] Anils-MacBook-Pro.local/DEBUG/locust.runners: 5 users have been stopped, 0 still running
[2022-06-23 21:20:47,824] Anils-MacBook-Pro.local/DEBUG/locust.main: Running teardowns...
[2022-06-23 21:20:47,824] Anils-MacBook-Pro.local/INFO/locust.main: Shutting down (exit code 0)
[2022-06-23 21:20:47,824] Anils-MacBook-Pro.local/DEBUG/locust.main: Cleaning up runner...
