[2023-08-03 21:05:16,093] Anils-MacBook-Pro.local/INFO/locust.main: Run time limit set to 60 seconds
[2023-08-03 21:05:16,093] Anils-MacBook-Pro.local/INFO/locust.main: Starting Locust 2.9.0
[2023-08-03 21:05:16,095] Anils-MacBook-Pro.local/INFO/locust.runners: Ramping to 2 users at a rate of 1.00 per second
[2023-08-03 21:05:16,095] Anils-MacBook-Pro.local/DEBUG/locust.runners: Ramping to {"MyUser": 1} (1 total users)
[2023-08-03 21:05:16,095] Anils-MacBook-Pro.local/DEBUG/locust.runners: Spawning additional {"MyUser": 1} ({"MyUser": 0} already running)...
[2023-08-03 21:05:16,095] Anils-MacBook-Pro.local/DEBUG/locust.runners: 1 users spawned
[2023-08-03 21:05:16,095] Anils-MacBook-Pro.local/DEBUG/locust.runners: All users of class MyUser spawned
[2023-08-03 21:05:16,095] Anils-MacBook-Pro.local/DEBUG/locust.runners: 0 users have been stopped, 1 still running
[2023-08-03 21:05:17,097] Anils-MacBook-Pro.local/DEBUG/locust.runners: Ramping to {"MyUser": 2} (2 total users)
[2023-08-03 21:05:17,097] Anils-MacBook-Pro.local/DEBUG/locust.runners: Spawning additional {"MyUser": 1} ({"MyUser": 1} already running)...
[2023-08-03 21:05:17,098] Anils-MacBook-Pro.local/DEBUG/locust.runners: 2 users spawned
[2023-08-03 21:05:17,098] Anils-MacBook-Pro.local/DEBUG/locust.runners: All users of class MyUser spawned
[2023-08-03 21:05:17,098] Anils-MacBook-Pro.local/DEBUG/locust.runners: 0 users have been stopped, 2 still running
[2023-08-03 21:05:17,098] Anils-MacBook-Pro.local/INFO/locust.runners: All users spawned: {"MyUser": 2} (2 total users)
[2023-08-03 21:06:15,628] Anils-MacBook-Pro.local/INFO/locust.main: --run-time limit reached. Stopping Locust
[2023-08-03 21:06:15,629] Anils-MacBook-Pro.local/DEBUG/locust.runners: Stopping all users
[2023-08-03 21:06:15,629] Anils-MacBook-Pro.local/DEBUG/locust.runners: Stopping Greenlet-0
[2023-08-03 21:06:15,629] Anils-MacBook-Pro.local/DEBUG/locust.runners: Stopping Greenlet-1
[2023-08-03 21:06:15,630] Anils-MacBook-Pro.local/DEBUG/locust.runners: 2 users have been stopped, 0 still running
[2023-08-03 21:06:15,631] Anils-MacBook-Pro.local/DEBUG/locust.main: Running teardowns...
[2023-08-03 21:06:15,631] Anils-MacBook-Pro.local/INFO/locust.main: Shutting down (exit code 0)
[2023-08-03 21:06:15,631] Anils-MacBook-Pro.local/DEBUG/locust.main: Cleaning up runner...
