[2023-08-02 13:51:28,714] Anils-MacBook-Pro.local/INFO/locust.main: Run time limit set to 10 seconds
[2023-08-02 13:51:28,714] Anils-MacBook-Pro.local/INFO/locust.main: Starting Locust 2.9.0
[2023-08-02 13:51:28,715] Anils-MacBook-Pro.local/INFO/locust.runners: Ramping to 5 users at a rate of 1.00 per second
[2023-08-02 13:51:28,715] Anils-MacBook-Pro.local/DEBUG/locust.runners: Ramping to {"MyMobileUser": 0, "MyWebUser": 1} (1 total users)
[2023-08-02 13:51:28,716] Anils-MacBook-Pro.local/DEBUG/locust.runners: Spawning additional {"MyWebUser": 1} ({"MyWebUser": 0, "MyMobileUser": 0} already running)...
[2023-08-02 13:51:28,716] Anils-MacBook-Pro.local/DEBUG/locust.runners: 1 users spawned
[2023-08-02 13:51:28,716] Anils-MacBook-Pro.local/DEBUG/locust.runners: All users of class MyWebUser spawned
[2023-08-02 13:51:28,716] Anils-MacBook-Pro.local/DEBUG/locust.runners: 0 users have been stopped, 1 still running
[2023-08-02 13:51:29,721] Anils-MacBook-Pro.local/DEBUG/locust.runners: Ramping to {"MyMobileUser": 1, "MyWebUser": 1} (2 total users)
[2023-08-02 13:51:29,721] Anils-MacBook-Pro.local/DEBUG/locust.runners: Spawning additional {"MyMobileUser": 1} ({"MyWebUser": 1, "MyMobileUser": 0} already running)...
[2023-08-02 13:51:29,721] Anils-MacBook-Pro.local/DEBUG/locust.runners: 2 users spawned
[2023-08-02 13:51:29,721] Anils-MacBook-Pro.local/DEBUG/locust.runners: All users of class MyMobileUser spawned
[2023-08-02 13:51:29,722] Anils-MacBook-Pro.local/DEBUG/locust.runners: 0 users have been stopped, 2 still running
[2023-08-02 13:51:30,722] Anils-MacBook-Pro.local/DEBUG/locust.runners: Ramping to {"MyMobileUser": 1, "MyWebUser": 2} (3 total users)
[2023-08-02 13:51:30,722] Anils-MacBook-Pro.local/DEBUG/locust.runners: Spawning additional {"MyWebUser": 1} ({"MyWebUser": 1, "MyMobileUser": 1} already running)...
[2023-08-02 13:51:30,723] Anils-MacBook-Pro.local/DEBUG/locust.runners: 3 users spawned
[2023-08-02 13:51:30,723] Anils-MacBook-Pro.local/DEBUG/locust.runners: All users of class MyWebUser spawned
[2023-08-02 13:51:30,723] Anils-MacBook-Pro.local/DEBUG/locust.runners: 0 users have been stopped, 3 still running
[2023-08-02 13:51:31,727] Anils-MacBook-Pro.local/DEBUG/locust.runners: Ramping to {"MyMobileUser": 1, "MyWebUser": 3} (4 total users)
[2023-08-02 13:51:31,728] Anils-MacBook-Pro.local/DEBUG/locust.runners: Spawning additional {"MyWebUser": 1} ({"MyWebUser": 2, "MyMobileUser": 1} already running)...
[2023-08-02 13:51:31,728] Anils-MacBook-Pro.local/DEBUG/locust.runners: 4 users spawned
[2023-08-02 13:51:31,728] Anils-MacBook-Pro.local/DEBUG/locust.runners: All users of class MyWebUser spawned
[2023-08-02 13:51:31,728] Anils-MacBook-Pro.local/DEBUG/locust.runners: 0 users have been stopped, 4 still running
[2023-08-02 13:51:32,729] Anils-MacBook-Pro.local/DEBUG/locust.runners: Ramping to {"MyMobileUser": 1, "MyWebUser": 4} (5 total users)
[2023-08-02 13:51:32,730] Anils-MacBook-Pro.local/DEBUG/locust.runners: Spawning additional {"MyWebUser": 1} ({"MyWebUser": 3, "MyMobileUser": 1} already running)...
[2023-08-02 13:51:32,730] Anils-MacBook-Pro.local/DEBUG/locust.runners: 5 users spawned
[2023-08-02 13:51:32,730] Anils-MacBook-Pro.local/DEBUG/locust.runners: All users of class MyWebUser spawned
[2023-08-02 13:51:32,730] Anils-MacBook-Pro.local/DEBUG/locust.runners: 0 users have been stopped, 5 still running
[2023-08-02 13:51:32,730] Anils-MacBook-Pro.local/INFO/locust.runners: All users spawned: {"MyMobileUser": 1, "MyWebUser": 4} (5 total users)
[2023-08-02 13:51:38,533] Anils-MacBook-Pro.local/INFO/locust.main: --run-time limit reached. Stopping Locust
[2023-08-02 13:51:38,534] Anils-MacBook-Pro.local/DEBUG/locust.runners: Stopping all users
[2023-08-02 13:51:38,534] Anils-MacBook-Pro.local/DEBUG/locust.runners: Stopping Greenlet-0
[2023-08-02 13:51:38,534] Anils-MacBook-Pro.local/DEBUG/locust.runners: Stopping Greenlet-1
[2023-08-02 13:51:38,534] Anils-MacBook-Pro.local/DEBUG/locust.runners: Stopping Greenlet-2
[2023-08-02 13:51:38,535] Anils-MacBook-Pro.local/DEBUG/locust.runners: Stopping Greenlet-3
[2023-08-02 13:51:38,535] Anils-MacBook-Pro.local/DEBUG/locust.runners: Stopping Greenlet-4
[2023-08-02 13:51:38,535] Anils-MacBook-Pro.local/DEBUG/locust.runners: 5 users have been stopped, 0 still running
[2023-08-02 13:51:38,535] Anils-MacBook-Pro.local/DEBUG/locust.main: Running teardowns...
[2023-08-02 13:51:38,536] Anils-MacBook-Pro.local/INFO/locust.main: Shutting down (exit code 0)
[2023-08-02 13:51:38,536] Anils-MacBook-Pro.local/DEBUG/locust.main: Cleaning up runner...
[2023-08-03 21:50:25,664] Anils-MacBook-Pro.local/INFO/locust.main: Run time limit set to 10 seconds
[2023-08-03 21:50:25,666] Anils-MacBook-Pro.local/INFO/locust.main: Starting Locust 2.9.0
[2023-08-03 21:50:25,667] Anils-MacBook-Pro.local/INFO/locust.runners: Ramping to 2 users at a rate of 1.00 per second
[2023-08-03 21:50:25,667] Anils-MacBook-Pro.local/DEBUG/locust.runners: Ramping to {"MyUser": 1} (1 total users)
[2023-08-03 21:50:25,667] Anils-MacBook-Pro.local/DEBUG/locust.runners: Spawning additional {"MyUser": 1} ({"MyUser": 0} already running)...
[2023-08-03 21:50:25,667] Anils-MacBook-Pro.local/DEBUG/locust.runners: 1 users spawned
[2023-08-03 21:50:25,667] Anils-MacBook-Pro.local/DEBUG/locust.runners: All users of class MyUser spawned
[2023-08-03 21:50:25,667] Anils-MacBook-Pro.local/DEBUG/locust.runners: 0 users have been stopped, 1 still running
[2023-08-03 21:50:26,667] Anils-MacBook-Pro.local/DEBUG/locust.runners: Ramping to {"MyUser": 2} (2 total users)
[2023-08-03 21:50:26,668] Anils-MacBook-Pro.local/DEBUG/locust.runners: Spawning additional {"MyUser": 1} ({"MyUser": 1} already running)...
[2023-08-03 21:50:26,668] Anils-MacBook-Pro.local/DEBUG/locust.runners: 2 users spawned
[2023-08-03 21:50:26,668] Anils-MacBook-Pro.local/DEBUG/locust.runners: All users of class MyUser spawned
[2023-08-03 21:50:26,668] Anils-MacBook-Pro.local/DEBUG/locust.runners: 0 users have been stopped, 2 still running
[2023-08-03 21:50:26,668] Anils-MacBook-Pro.local/INFO/locust.runners: All users spawned: {"MyUser": 2} (2 total users)
[2023-08-03 21:50:35,225] Anils-MacBook-Pro.local/INFO/locust.main: --run-time limit reached. Stopping Locust
[2023-08-03 21:50:35,225] Anils-MacBook-Pro.local/DEBUG/locust.runners: Stopping all users
[2023-08-03 21:50:35,226] Anils-MacBook-Pro.local/DEBUG/locust.runners: Stopping Greenlet-0
[2023-08-03 21:50:35,226] Anils-MacBook-Pro.local/DEBUG/locust.runners: Stopping Greenlet-1
[2023-08-03 21:50:35,228] Anils-MacBook-Pro.local/DEBUG/locust.runners: 2 users have been stopped, 0 still running
[2023-08-03 21:50:35,230] Anils-MacBook-Pro.local/DEBUG/locust.main: Running teardowns...
[2023-08-03 21:50:35,230] Anils-MacBook-Pro.local/INFO/locust.main: Shutting down (exit code 0)
[2023-08-03 21:50:35,230] Anils-MacBook-Pro.local/DEBUG/locust.main: Cleaning up runner...
[2023-08-03 21:51:56,671] Anils-MacBook-Pro.local/INFO/locust.main: Run time limit set to 10 seconds
[2023-08-03 21:51:56,671] Anils-MacBook-Pro.local/INFO/locust.main: Starting Locust 2.9.0
[2023-08-03 21:51:56,672] Anils-MacBook-Pro.local/INFO/locust.runners: Ramping to 2 users at a rate of 1.00 per second
[2023-08-03 21:51:56,672] Anils-MacBook-Pro.local/DEBUG/locust.runners: Ramping to {"MyUser": 1} (1 total users)
[2023-08-03 21:51:56,672] Anils-MacBook-Pro.local/DEBUG/locust.runners: Spawning additional {"MyUser": 1} ({"MyUser": 0} already running)...
[2023-08-03 21:51:56,672] Anils-MacBook-Pro.local/DEBUG/locust.runners: 1 users spawned
[2023-08-03 21:51:56,672] Anils-MacBook-Pro.local/DEBUG/locust.runners: All users of class MyUser spawned
[2023-08-03 21:51:56,672] Anils-MacBook-Pro.local/DEBUG/locust.runners: 0 users have been stopped, 1 still running
[2023-08-03 21:51:57,673] Anils-MacBook-Pro.local/DEBUG/locust.runners: Ramping to {"MyUser": 2} (2 total users)
[2023-08-03 21:51:57,674] Anils-MacBook-Pro.local/DEBUG/locust.runners: Spawning additional {"MyUser": 1} ({"MyUser": 1} already running)...
[2023-08-03 21:51:57,674] Anils-MacBook-Pro.local/DEBUG/locust.runners: 2 users spawned
[2023-08-03 21:51:57,674] Anils-MacBook-Pro.local/DEBUG/locust.runners: All users of class MyUser spawned
[2023-08-03 21:51:57,674] Anils-MacBook-Pro.local/DEBUG/locust.runners: 0 users have been stopped, 2 still running
[2023-08-03 21:51:57,674] Anils-MacBook-Pro.local/INFO/locust.runners: All users spawned: {"MyUser": 2} (2 total users)
[2023-08-03 21:52:06,276] Anils-MacBook-Pro.local/INFO/locust.main: --run-time limit reached. Stopping Locust
[2023-08-03 21:52:06,277] Anils-MacBook-Pro.local/DEBUG/locust.runners: Stopping all users
[2023-08-03 21:52:06,277] Anils-MacBook-Pro.local/DEBUG/locust.runners: Stopping Greenlet-0
[2023-08-03 21:52:06,278] Anils-MacBook-Pro.local/DEBUG/locust.runners: Stopping Greenlet-1
[2023-08-03 21:52:06,278] Anils-MacBook-Pro.local/DEBUG/locust.runners: 2 users have been stopped, 0 still running
[2023-08-03 21:52:06,279] Anils-MacBook-Pro.local/DEBUG/locust.main: Running teardowns...
[2023-08-03 21:52:06,279] Anils-MacBook-Pro.local/INFO/locust.main: Shutting down (exit code 0)
[2023-08-03 21:52:06,279] Anils-MacBook-Pro.local/DEBUG/locust.main: Cleaning up runner...
[2023-08-03 21:58:36,574] Anils-MacBook-Pro.local/INFO/locust.main: Run time limit set to 20 seconds
[2023-08-03 21:58:36,574] Anils-MacBook-Pro.local/INFO/locust.main: Starting Locust 2.9.0
[2023-08-03 21:58:36,575] Anils-MacBook-Pro.local/INFO/locust.runners: Ramping to 2 users at a rate of 1.00 per second
[2023-08-03 21:58:36,575] Anils-MacBook-Pro.local/DEBUG/locust.runners: Ramping to {"MyUser": 1} (1 total users)
[2023-08-03 21:58:36,575] Anils-MacBook-Pro.local/DEBUG/locust.runners: Spawning additional {"MyUser": 1} ({"MyUser": 0} already running)...
[2023-08-03 21:58:36,575] Anils-MacBook-Pro.local/DEBUG/locust.runners: 1 users spawned
[2023-08-03 21:58:36,575] Anils-MacBook-Pro.local/DEBUG/locust.runners: All users of class MyUser spawned
[2023-08-03 21:58:36,575] Anils-MacBook-Pro.local/DEBUG/locust.runners: 0 users have been stopped, 1 still running
[2023-08-03 21:58:37,578] Anils-MacBook-Pro.local/DEBUG/locust.runners: Ramping to {"MyUser": 2} (2 total users)
[2023-08-03 21:58:37,578] Anils-MacBook-Pro.local/DEBUG/locust.runners: Spawning additional {"MyUser": 1} ({"MyUser": 1} already running)...
[2023-08-03 21:58:37,578] Anils-MacBook-Pro.local/DEBUG/locust.runners: 2 users spawned
[2023-08-03 21:58:37,579] Anils-MacBook-Pro.local/DEBUG/locust.runners: All users of class MyUser spawned
[2023-08-03 21:58:37,579] Anils-MacBook-Pro.local/DEBUG/locust.runners: 0 users have been stopped, 2 still running
[2023-08-03 21:58:37,579] Anils-MacBook-Pro.local/INFO/locust.runners: All users spawned: {"MyUser": 2} (2 total users)
[2023-08-03 21:58:56,115] Anils-MacBook-Pro.local/INFO/locust.main: --run-time limit reached. Stopping Locust
[2023-08-03 21:58:56,116] Anils-MacBook-Pro.local/DEBUG/locust.runners: Stopping all users
[2023-08-03 21:58:56,116] Anils-MacBook-Pro.local/DEBUG/locust.runners: Stopping Greenlet-0
[2023-08-03 21:58:56,116] Anils-MacBook-Pro.local/DEBUG/locust.runners: Stopping Greenlet-1
[2023-08-03 21:58:56,117] Anils-MacBook-Pro.local/DEBUG/locust.runners: 2 users have been stopped, 0 still running
[2023-08-03 21:58:56,117] Anils-MacBook-Pro.local/DEBUG/locust.main: Running teardowns...
[2023-08-03 21:58:56,117] Anils-MacBook-Pro.local/INFO/locust.main: Shutting down (exit code 0)
[2023-08-03 21:58:56,117] Anils-MacBook-Pro.local/DEBUG/locust.main: Cleaning up runner...
[2023-08-03 21:59:13,445] Anils-MacBook-Pro.local/INFO/locust.main: Run time limit set to 60 seconds
[2023-08-03 21:59:13,445] Anils-MacBook-Pro.local/INFO/locust.main: Starting Locust 2.9.0
[2023-08-03 21:59:13,446] Anils-MacBook-Pro.local/INFO/locust.runners: Ramping to 2 users at a rate of 1.00 per second
[2023-08-03 21:59:13,446] Anils-MacBook-Pro.local/DEBUG/locust.runners: Ramping to {"MyUser": 1} (1 total users)
[2023-08-03 21:59:13,446] Anils-MacBook-Pro.local/DEBUG/locust.runners: Spawning additional {"MyUser": 1} ({"MyUser": 0} already running)...
[2023-08-03 21:59:13,446] Anils-MacBook-Pro.local/DEBUG/locust.runners: 1 users spawned
[2023-08-03 21:59:13,446] Anils-MacBook-Pro.local/DEBUG/locust.runners: All users of class MyUser spawned
[2023-08-03 21:59:13,446] Anils-MacBook-Pro.local/DEBUG/locust.runners: 0 users have been stopped, 1 still running
[2023-08-03 21:59:14,451] Anils-MacBook-Pro.local/DEBUG/locust.runners: Ramping to {"MyUser": 2} (2 total users)
[2023-08-03 21:59:14,452] Anils-MacBook-Pro.local/DEBUG/locust.runners: Spawning additional {"MyUser": 1} ({"MyUser": 1} already running)...
[2023-08-03 21:59:14,452] Anils-MacBook-Pro.local/DEBUG/locust.runners: 2 users spawned
[2023-08-03 21:59:14,452] Anils-MacBook-Pro.local/DEBUG/locust.runners: All users of class MyUser spawned
[2023-08-03 21:59:14,452] Anils-MacBook-Pro.local/DEBUG/locust.runners: 0 users have been stopped, 2 still running
[2023-08-03 21:59:14,452] Anils-MacBook-Pro.local/INFO/locust.runners: All users spawned: {"MyUser": 2} (2 total users)
[2023-08-03 22:00:13,266] Anils-MacBook-Pro.local/INFO/locust.main: --run-time limit reached. Stopping Locust
[2023-08-03 22:00:13,267] Anils-MacBook-Pro.local/DEBUG/locust.runners: Stopping all users
[2023-08-03 22:00:13,267] Anils-MacBook-Pro.local/DEBUG/locust.runners: Stopping Greenlet-0
[2023-08-03 22:00:13,267] Anils-MacBook-Pro.local/DEBUG/locust.runners: Stopping Greenlet-1
[2023-08-03 22:00:13,267] Anils-MacBook-Pro.local/DEBUG/locust.runners: 2 users have been stopped, 0 still running
[2023-08-03 22:00:13,267] Anils-MacBook-Pro.local/DEBUG/locust.main: Running teardowns...
[2023-08-03 22:00:13,268] Anils-MacBook-Pro.local/INFO/locust.main: Shutting down (exit code 0)
[2023-08-03 22:00:13,268] Anils-MacBook-Pro.local/DEBUG/locust.main: Cleaning up runner...
